{"D:\\IT-MENTOR\\test-task\\test2\\test-task\\src\\App.tsx": {"path":"D:\\IT-MENTOR\\test-task\\test2\\test-task\\src\\App.tsx","statementMap":{"0":{"start":{"line":4,"column":22},"end":{"line":6,"column":1}},"1":{"start":{"line":5,"column":2},"end":{"line":5,"column":20}}},"fnMap":{"0":{"name":"(anonymous_0)","decl":{"start":{"line":4,"column":22},"end":{"line":4,"column":23}},"loc":{"start":{"line":4,"column":28},"end":{"line":6,"column":1}},"line":4}},"branchMap":{},"s":{"0":1,"1":1},"f":{"0":1},"b":{},"_coverageSchema":"1a1c01bbd47fc00a2c39e90264f33305004495a9","hash":"f4a188c6102d1f358f330a7d0f291c5462844d69"}
,"D:\\IT-MENTOR\\test-task\\test2\\test-task\\src\\index.tsx": {"path":"D:\\IT-MENTOR\\test-task\\test2\\test-task\\src\\index.tsx","statementMap":{"0":{"start":{"line":8,"column":0},"end":{"line":14,"column":2}}},"fnMap":{},"branchMap":{},"s":{"0":0},"f":{},"b":{}}
,"D:\\IT-MENTOR\\test-task\\test2\\test-task\\src\\components\\footer\\Footer.tsx": {"path":"D:\\IT-MENTOR\\test-task\\test2\\test-task\\src\\components\\footer\\Footer.tsx","statementMap":{"0":{"start":{"line":6,"column":25},"end":{"line":10,"column":1}},"1":{"start":{"line":7,"column":27},"end":{"line":7,"column":95}},"2":{"start":{"line":7,"column":61},"end":{"line":7,"column":94}},"3":{"start":{"line":9,"column":2},"end":{"line":9,"column":100}}},"fnMap":{"0":{"name":"(anonymous_0)","decl":{"start":{"line":6,"column":25},"end":{"line":6,"column":26}},"loc":{"start":{"line":6,"column":31},"end":{"line":10,"column":1}},"line":6},"1":{"name":"(anonymous_1)","decl":{"start":{"line":7,"column":39},"end":{"line":7,"column":40}},"loc":{"start":{"line":7,"column":61},"end":{"line":7,"column":94}},"line":7}},"branchMap":{},"s":{"0":2,"1":2,"2":5,"3":2},"f":{"0":2,"1":5},"b":{},"_coverageSchema":"1a1c01bbd47fc00a2c39e90264f33305004495a9","hash":"eb993e64af4e45e42562bc5c6df8a00fa3c81ca7"}
,"D:\\IT-MENTOR\\test-task\\test2\\test-task\\src\\components\\header\\Header.tsx": {"path":"D:\\IT-MENTOR\\test-task\\test2\\test-task\\src\\components\\header\\Header.tsx","statementMap":{"0":{"start":{"line":9,"column":38},"end":{"line":16,"column":1}},"1":{"start":{"line":10,"column":2},"end":{"line":15,"column":4}}},"fnMap":{"0":{"name":"(anonymous_0)","decl":{"start":{"line":9,"column":38},"end":{"line":9,"column":39}},"loc":{"start":{"line":9,"column":62},"end":{"line":16,"column":1}},"line":9}},"branchMap":{"0":{"loc":{"start":{"line":12,"column":39},"end":{"line":12,"column":70}},"type":"binary-expr","locations":[{"start":{"line":12,"column":39},"end":{"line":12,"column":54}},{"start":{"line":12,"column":58},"end":{"line":12,"column":70}}],"line":12},"1":{"loc":{"start":{"line":13,"column":41},"end":{"line":13,"column":72}},"type":"binary-expr","locations":[{"start":{"line":13,"column":41},"end":{"line":13,"column":56}},{"start":{"line":13,"column":60},"end":{"line":13,"column":72}}],"line":13}},"s":{"0":2,"1":3},"f":{"0":3},"b":{"0":[3,2],"1":[3,2]},"_coverageSchema":"1a1c01bbd47fc00a2c39e90264f33305004495a9","hash":"e7dbe03e15ec0b58a7670105355de2c23a4b50b5"}
,"D:\\IT-MENTOR\\test-task\\test2\\test-task\\src\\components\\main\\Main.tsx": {"path":"D:\\IT-MENTOR\\test-task\\test2\\test-task\\src\\components\\main\\Main.tsx","statementMap":{"0":{"start":{"line":6,"column":23},"end":{"line":24,"column":1}},"1":{"start":{"line":7,"column":46},"end":{"line":7,"column":61}},"2":{"start":{"line":9,"column":2},"end":{"line":23,"column":4}}},"fnMap":{"0":{"name":"(anonymous_0)","decl":{"start":{"line":6,"column":23},"end":{"line":6,"column":24}},"loc":{"start":{"line":6,"column":29},"end":{"line":24,"column":1}},"line":6}},"branchMap":{},"s":{"0":2,"1":3,"2":3},"f":{"0":3},"b":{},"_coverageSchema":"1a1c01bbd47fc00a2c39e90264f33305004495a9","hash":"33a56e34c1a09b12830cac649fe7cb9888e6a0ef"}
,"D:\\IT-MENTOR\\test-task\\test2\\test-task\\src\\components\\select\\CurrencySelect.tsx": {"path":"D:\\IT-MENTOR\\test-task\\test2\\test-task\\src\\components\\select\\CurrencySelect.tsx","statementMap":{"0":{"start":{"line":12,"column":54},"end":{"line":63,"column":1}},"1":{"start":{"line":13,"column":19},"end":{"line":13,"column":32}},"2":{"start":{"line":14,"column":50},"end":{"line":14,"column":73}},"3":{"start":{"line":15,"column":27},"end":{"line":15,"column":95}},"4":{"start":{"line":15,"column":61},"end":{"line":15,"column":94}},"5":{"start":{"line":17,"column":38},"end":{"line":17,"column":70}},"6":{"start":{"line":19,"column":21},"end":{"line":19,"column":88}},"7":{"start":{"line":19,"column":35},"end":{"line":19,"column":65}},"8":{"start":{"line":21,"column":2},"end":{"line":26,"column":47}},"9":{"start":{"line":22,"column":4},"end":{"line":25,"column":5}},"10":{"start":{"line":23,"column":6},"end":{"line":23,"column":49}},"11":{"start":{"line":24,"column":6},"end":{"line":24,"column":38}},"12":{"start":{"line":28,"column":29},"end":{"line":30,"column":3}},"13":{"start":{"line":29,"column":4},"end":{"line":29,"column":39}},"14":{"start":{"line":32,"column":28},"end":{"line":36,"column":3}},"15":{"start":{"line":33,"column":4},"end":{"line":33,"column":25}},"16":{"start":{"line":34,"column":4},"end":{"line":34,"column":29}},"17":{"start":{"line":35,"column":4},"end":{"line":35,"column":36}},"18":{"start":{"line":38,"column":2},"end":{"line":62,"column":4}},"19":{"start":{"line":49,"column":14},"end":{"line":56,"column":20}},"20":{"start":{"line":52,"column":31},"end":{"line":52,"column":61}}},"fnMap":{"0":{"name":"(anonymous_0)","decl":{"start":{"line":12,"column":54},"end":{"line":12,"column":55}},"loc":{"start":{"line":12,"column":97},"end":{"line":63,"column":1}},"line":12},"1":{"name":"(anonymous_1)","decl":{"start":{"line":15,"column":39},"end":{"line":15,"column":40}},"loc":{"start":{"line":15,"column":61},"end":{"line":15,"column":94}},"line":15},"2":{"name":"(anonymous_2)","decl":{"start":{"line":19,"column":29},"end":{"line":19,"column":30}},"loc":{"start":{"line":19,"column":35},"end":{"line":19,"column":65}},"line":19},"3":{"name":"(anonymous_3)","decl":{"start":{"line":21,"column":12},"end":{"line":21,"column":13}},"loc":{"start":{"line":21,"column":18},"end":{"line":26,"column":3}},"line":21},"4":{"name":"(anonymous_4)","decl":{"start":{"line":28,"column":29},"end":{"line":28,"column":30}},"loc":{"start":{"line":28,"column":35},"end":{"line":30,"column":3}},"line":28},"5":{"name":"(anonymous_5)","decl":{"start":{"line":32,"column":28},"end":{"line":32,"column":29}},"loc":{"start":{"line":32,"column":47},"end":{"line":36,"column":3}},"line":32},"6":{"name":"(anonymous_6)","decl":{"start":{"line":48,"column":28},"end":{"line":48,"column":29}},"loc":{"start":{"line":49,"column":14},"end":{"line":56,"column":20}},"line":49},"7":{"name":"(anonymous_7)","decl":{"start":{"line":52,"column":25},"end":{"line":52,"column":26}},"loc":{"start":{"line":52,"column":31},"end":{"line":52,"column":61}},"line":52}},"branchMap":{"0":{"loc":{"start":{"line":17,"column":47},"end":{"line":17,"column":69}},"type":"binary-expr","locations":[{"start":{"line":17,"column":47},"end":{"line":17,"column":63}},{"start":{"line":17,"column":67},"end":{"line":17,"column":69}}],"line":17},"1":{"loc":{"start":{"line":19,"column":35},"end":{"line":19,"column":65}},"type":"binary-expr","locations":[{"start":{"line":19,"column":35},"end":{"line":19,"column":59}},{"start":{"line":19,"column":63},"end":{"line":19,"column":65}}],"line":19},"2":{"loc":{"start":{"line":22,"column":4},"end":{"line":25,"column":5}},"type":"if","locations":[{"start":{"line":22,"column":4},"end":{"line":25,"column":5}},{"start":{},"end":{}}],"line":22},"3":{"loc":{"start":{"line":22,"column":8},"end":{"line":22,"column":52}},"type":"binary-expr","locations":[{"start":{"line":22,"column":8},"end":{"line":22,"column":25}},{"start":{"line":22,"column":29},"end":{"line":22,"column":52}}],"line":22},"4":{"loc":{"start":{"line":40,"column":7},"end":{"line":40,"column":37}},"type":"binary-expr","locations":[{"start":{"line":40,"column":7},"end":{"line":40,"column":16}},{"start":{"line":40,"column":20},"end":{"line":40,"column":37}}],"line":40},"5":{"loc":{"start":{"line":46,"column":9},"end":{"line":59,"column":9}},"type":"binary-expr","locations":[{"start":{"line":46,"column":9},"end":{"line":46,"column":23}},{"start":{"line":47,"column":10},"end":{"line":58,"column":16}}],"line":46}},"s":{"0":3,"1":13,"2":13,"3":13,"4":23,"5":13,"6":13,"7":5,"8":13,"9":7,"10":2,"11":2,"12":13,"13":1,"14":13,"15":0,"16":0,"17":0,"18":13,"19":8,"20":0},"f":{"0":13,"1":23,"2":5,"3":7,"4":1,"5":0,"6":8,"7":0},"b":{"0":[13,8],"1":[5,3],"2":[2,5],"3":[7,5],"4":[13,6],"5":[13,6]},"_coverageSchema":"1a1c01bbd47fc00a2c39e90264f33305004495a9","hash":"90c5afee84904390b2be9ffec578e5f14a247ae2"}
,"D:\\IT-MENTOR\\test-task\\test2\\test-task\\src\\layout\\Layout.tsx": {"path":"D:\\IT-MENTOR\\test-task\\test2\\test-task\\src\\layout\\Layout.tsx","statementMap":{"0":{"start":{"line":6,"column":25},"end":{"line":13,"column":1}},"1":{"start":{"line":7,"column":2},"end":{"line":12,"column":4}}},"fnMap":{"0":{"name":"(anonymous_0)","decl":{"start":{"line":6,"column":25},"end":{"line":6,"column":26}},"loc":{"start":{"line":6,"column":31},"end":{"line":13,"column":1}},"line":6}},"branchMap":{},"s":{"0":1,"1":1},"f":{"0":1},"b":{},"_coverageSchema":"1a1c01bbd47fc00a2c39e90264f33305004495a9","hash":"663686b3c77476f0399904b49836d350d3112ae2"}
,"D:\\IT-MENTOR\\test-task\\test2\\test-task\\src\\store\\store.tsx": {"path":"D:\\IT-MENTOR\\test-task\\test2\\test-task\\src\\store\\store.tsx","statementMap":{"0":{"start":{"line":6,"column":20},"end":{"line":9,"column":2}},"1":{"start":{"line":11,"column":14},"end":{"line":15,"column":2}},"2":{"start":{"line":13,"column":40},"end":{"line":13,"column":95}}},"fnMap":{"0":{"name":"(anonymous_0)","decl":{"start":{"line":13,"column":14},"end":{"line":13,"column":15}},"loc":{"start":{"line":13,"column":40},"end":{"line":13,"column":95}},"line":13}},"branchMap":{},"s":{"0":3,"1":3,"2":3},"f":{"0":3},"b":{},"_coverageSchema":"1a1c01bbd47fc00a2c39e90264f33305004495a9","hash":"88ce2ba8290f04a1e4b39f6cf0d1cf8a4e62e19a"}
,"D:\\IT-MENTOR\\test-task\\test2\\test-task\\src\\store\\currencies\\currenciesApi.ts": {"path":"D:\\IT-MENTOR\\test-task\\test2\\test-task\\src\\store\\currencies\\currenciesApi.ts","statementMap":{"0":{"start":{"line":11,"column":29},"end":{"line":19,"column":2}},"1":{"start":{"line":14,"column":27},"end":{"line":18,"column":3}},"2":{"start":{"line":16,"column":19},"end":{"line":16,"column":31}},"3":{"start":{"line":21,"column":41},"end":{"line":21,"column":54}}},"fnMap":{"0":{"name":"(anonymous_0)","decl":{"start":{"line":14,"column":13},"end":{"line":14,"column":14}},"loc":{"start":{"line":14,"column":27},"end":{"line":18,"column":3}},"line":14},"1":{"name":"(anonymous_1)","decl":{"start":{"line":16,"column":13},"end":{"line":16,"column":14}},"loc":{"start":{"line":16,"column":19},"end":{"line":16,"column":31}},"line":16}},"branchMap":{},"s":{"0":3,"1":3,"2":3,"3":3},"f":{"0":3,"1":3},"b":{},"_coverageSchema":"1a1c01bbd47fc00a2c39e90264f33305004495a9","hash":"23520bf7297aef7591f1b3cacaf903c21037889f"}
,"D:\\IT-MENTOR\\test-task\\test2\\test-task\\src\\store\\currencies\\currenciesSlice.ts": {"path":"D:\\IT-MENTOR\\test-task\\test2\\test-task\\src\\store\\currencies\\currenciesSlice.ts","statementMap":{"0":{"start":{"line":8,"column":38},"end":{"line":10,"column":1}},"1":{"start":{"line":12,"column":24},"end":{"line":20,"column":2}},"2":{"start":{"line":17,"column":6},"end":{"line":17,"column":46}},"3":{"start":{"line":22,"column":34},"end":{"line":22,"column":57}},"4":{"start":{"line":24,"column":38},"end":{"line":24,"column":88}},"5":{"start":{"line":24,"column":66},"end":{"line":24,"column":88}}},"fnMap":{"0":{"name":"(anonymous_0)","decl":{"start":{"line":16,"column":20},"end":{"line":16,"column":21}},"loc":{"start":{"line":16,"column":69},"end":{"line":18,"column":5}},"line":16},"1":{"name":"(anonymous_1)","decl":{"start":{"line":24,"column":38},"end":{"line":24,"column":39}},"loc":{"start":{"line":24,"column":66},"end":{"line":24,"column":88}},"line":24}},"branchMap":{},"s":{"0":3,"1":3,"2":2,"3":3,"4":3,"5":0},"f":{"0":2,"1":0},"b":{},"_coverageSchema":"1a1c01bbd47fc00a2c39e90264f33305004495a9","hash":"bcd65e7b1d5fd15590823d2742a223122e20a22b"}
}
