TN:
SF:src\App.tsx
FN:4,(anonymous_0)
FNF:1
FNH:1
FNDA:2,(anonymous_0)
DA:4,1
DA:5,2
LF:2
LH:2
BRF:0
BRH:0
end_of_record
TN:
SF:src\index.tsx
FNF:0
FNH:0
DA:8,0
LF:1
LH:0
BRF:0
BRH:0
end_of_record
TN:
SF:src\components\footer\Footer.tsx
FN:6,(anonymous_0)
FN:7,(anonymous_1)
FNF:2
FNH:2
FNDA:2,(anonymous_0)
FNDA:6,(anonymous_1)
DA:6,2
DA:7,6
DA:9,2
LF:3
LH:3
BRF:0
BRH:0
end_of_record
TN:
SF:src\components\header\Header.tsx
FN:9,(anonymous_0)
FNF:1
FNH:1
FNDA:4,(anonymous_0)
DA:9,2
DA:10,4
LF:2
LH:2
BRDA:12,0,0,4
BRDA:12,0,1,3
BRDA:13,1,0,4
BRDA:13,1,1,3
BRF:4
BRH:4
end_of_record
TN:
SF:src\components\main\Main.tsx
FN:6,(anonymous_0)
FNF:1
FNH:1
FNDA:6,(anonymous_0)
DA:6,2
DA:7,6
DA:9,4
LF:3
LH:3
BRF:0
BRH:0
end_of_record
TN:
SF:src\components\select\CurrencySelect.tsx
FN:12,(anonymous_0)
FN:15,(anonymous_1)
FN:19,(anonymous_2)
FN:21,(anonymous_3)
FN:28,(anonymous_4)
FN:32,(anonymous_5)
FN:48,(anonymous_6)
FN:49,(anonymous_7)
FNF:8
FNH:5
FNDA:13,(anonymous_0)
FNDA:25,(anonymous_1)
FNDA:4,(anonymous_2)
FNDA:4,(anonymous_3)
FNDA:1,(anonymous_4)
FNDA:0,(anonymous_5)
FNDA:0,(anonymous_6)
FNDA:0,(anonymous_7)
DA:12,3
DA:13,13
DA:14,13
DA:15,25
DA:17,13
DA:19,13
DA:21,13
DA:22,4
DA:23,0
DA:24,0
DA:28,13
DA:29,1
DA:32,13
DA:33,0
DA:34,0
DA:35,0
DA:38,13
DA:49,0
LF:18
LH:12
BRDA:17,0,0,13
BRDA:17,0,1,13
BRDA:19,1,0,4
BRDA:19,1,1,4
BRDA:22,2,0,0
BRDA:22,2,1,4
BRDA:22,3,0,4
BRDA:22,3,1,4
BRDA:40,4,0,13
BRDA:40,4,1,7
BRDA:46,5,0,13
BRDA:46,5,1,1
BRF:12
BRH:11
end_of_record
TN:
SF:src\layout\Layout.tsx
FN:6,(anonymous_0)
FNF:1
FNH:1
FNDA:2,(anonymous_0)
DA:6,1
DA:7,2
LF:2
LH:2
BRF:0
BRH:0
end_of_record
TN:
SF:src\store\store.tsx
FN:13,(anonymous_0)
FNF:1
FNH:1
FNDA:3,(anonymous_0)
DA:6,3
DA:11,3
DA:13,3
LF:3
LH:3
BRF:0
BRH:0
end_of_record
TN:
SF:src\store\currencies\currenciesApi.ts
FN:14,(anonymous_0)
FN:16,(anonymous_1)
FNF:2
FNH:2
FNDA:3,(anonymous_0)
FNDA:4,(anonymous_1)
DA:11,3
DA:14,3
DA:16,4
DA:21,3
LF:4
LH:4
BRF:0
BRH:0
end_of_record
TN:
SF:src\store\currencies\currenciesSlice.ts
FN:16,(anonymous_0)
FN:24,(anonymous_1)
FNF:2
FNH:0
FNDA:0,(anonymous_0)
FNDA:0,(anonymous_1)
DA:8,3
DA:12,3
DA:17,0
DA:22,3
DA:24,3
LF:5
LH:4
BRF:0
BRH:0
end_of_record
